CMake Deprecation Warning at CMakeLists.txt:1 (cmake_minimum_required):
  Compatibility with CMake < 3.5 will be removed from a future version of
  CMake.

  Update the VERSION argument <min> value or use a ...<max> suffix to tell
  CMake that the project does not need compatibility with older versions.


-- The C compiler identification is GNU 12.2.0
-- The CXX compiler identification is GNU 12.2.0
-- The HIP compiler identification is Clang 16.0.0
-- Cray Programming Environment 2.7.23 C
-- Detecting C compiler ABI info
-- Detecting C compiler ABI info - done
-- Check for working C compiler: /opt/cray/pe/craype/2.7.23/bin/cc - skipped
-- Detecting C compile features
-- Detecting C compile features - done
-- Cray Programming Environment 2.7.23 CXX
-- Detecting CXX compiler ABI info
-- Detecting CXX compiler ABI info - done
-- Check for working CXX compiler: /opt/cray/pe/craype/2.7.23/bin/CC - skipped
-- Detecting CXX compile features
-- Detecting CXX compile features - done
-- Detecting HIP compiler ABI info
-- Detecting HIP compiler ABI info - done
-- Check for working HIP compiler: /software/setonix/rocm/5.6.1/llvm/bin/clang++ - skipped
-- Detecting HIP compile features
-- Detecting HIP compile features - done
-- Performing Test CMAKE_HAVE_LIBC_PTHREAD
-- Performing Test CMAKE_HAVE_LIBC_PTHREAD - Success
-- Found Threads: TRUE  
-- Found OpenMP_C: -fopenmp (found version "4.5") 
-- Found OpenMP_CXX: -fopenmp (found version "4.5") 
-- Found OpenMP: TRUE (found version "4.5")  
-- Found ZLIB: /software/setonix/2024.05/software/linux-sles15-zen3/gcc-12.2.0/zlib-1.3-l3er4yiit63tnf26cdwjfqpbvxlb2y43/lib/libz.so (found version "1.3")  
-- Found Boost: /software/projects/pawsey0001/espinosa/setonix/2024.05/software/linux-sles15-zen3/gcc-12.2.0/boost-1.83.0-3nhulwwtgncwcprf2n5fqmaflx6auesf/lib/cmake/Boost-1.83.0/BoostConfig.cmake (found version "1.83.0") found components: filesystem program_options 
CMake Deprecation Warning at /software/setonix/rocm/5.6.1/lib/cmake/hip/hip-config.cmake:20 (cmake_minimum_required):
  Compatibility with CMake < 3.5 will be removed from a future version of
  CMake.

  Update the VERSION argument <min> value or use a ...<max> suffix to tell
  CMake that the project does not need compatibility with older versions.
Call Stack (most recent call first):
  CMakeLists.txt:41 (find_package)


-- hip::amdhip64 is SHARED_LIBRARY
g++: error: unrecognized command-line option '--rtlib=compiler-rt'
-- Configuring done (6.9s)
-- Generating done (0.0s)
-- Build files have been written to: /software/projects/pawsey0001/espinosa/manual/software/SNPInt/snpint-gpu-amd/build
